SYSTEM REPORT - 2026-06-12 15:10:31
DISK USAGE:
Filesystem                                       Size  Used Avail Use% Mounted on
C:/Users/STA-MADH-43/AppData/Local/Programs/Git  475G  155G  321G  33% /
MEMORY USAGE:
TOP PROCESSES:
SYSTEM REPORT - 2026-06-12 15:19:26
DISK USAGE:
Filesystem                                       Size  Used Avail Use% Mounted on
C:/Users/STA-MADH-43/AppData/Local/Programs/Git  475G  155G  321G  33% /
MEMORY USAGE:
TOP PROCESSES:
============================
SYSTEM REPORT - Fri Jun 12 15:21:02 IST 2026
============================

DISK USAGE:
Filesystem                                       Size  Used Avail Use% Mounted on
C:/Users/STA-MADH-43/AppData/Local/Programs/Git  475G  155G  321G  33% /

MEMORY INFO (Windows compatible):

TOP PROCESSES:

Image Name                     PID Session Name        Session#    Mem Usage
========================= ======== ================ =========== ============
System Idle Process              0 Services                   0          8 K
System                           4 Services                   0      5,068 K
Secure System                  188 Services                   0     65,984 K
Registry                       232 Services                   0     62,224 K
smss.exe                       832 Services                   0        520 K
csrss.exe                     1268 Services                   0      3,340 K
wininit.exe                   1356 Services                   0      1,748 K

============================
SYSTEM REPORT - Fri Jun 12 10:03:14 UTC 2026
============================

DISK USAGE:
Filesystem      Size  Used Avail Use% Mounted on
none            3.8G     0  3.8G   0% /usr/lib/modules/6.6.114.1-microsoft-standard-WSL2
none            3.8G  4.0K  3.8G   1% /mnt/wsl
drivers         475G  156G  320G  33% /usr/lib/wsl/drivers
/dev/sdf       1007G  1.3G  955G   1% /
none            3.8G   32K  3.8G   1% /mnt/wslg
none            3.8G     0  3.8G   0% /usr/lib/wsl/lib
rootfs          3.8G  2.8M  3.8G   1% /init
none            3.8G  536K  3.8G   1% /run
none            3.8G     0  3.8G   0% /run/lock
none            3.8G     0  3.8G   0% /run/shm
none            3.8G   80K  3.8G   1% /mnt/wslg/versions.txt
none            3.8G   80K  3.8G   1% /mnt/wslg/doc
C:\             475G  156G  320G  33% /mnt/c
none            1.0M     0  1.0M   0% /run/credentials/systemd-journald.service
tmpfs           3.8G     0  3.8G   0% /tmp
none            1.0M     0  1.0M   0% /run/credentials/systemd-resolved.service
none            1.0M     0  1.0M   0% /run/credentials/getty@tty1.service
tmpfs           774M   12K  774M   1% /run/user/1000

MEMORY INFO (Windows compatible):

TOP PROCESSES:

============================
SYSTEM REPORT - Fri Jun 12 15:34:44 IST 2026
============================

DISK USAGE:
Filesystem                                       Size  Used Avail Use% Mounted on
C:/Users/STA-MADH-43/AppData/Local/Programs/Git  475G  156G  320G  33% /

SYSTEM INFO:

Host Name:                     LAPTOP-O4V3U6O0
OS Name:                       Microsoft Windows 11 Pro
OS Version:                    10.0.26200 N/A Build 26200
OS Manufacturer:               Microsoft Corporation
OS Configuration:              Standalone Workstation
OS Build Type:                 Multiprocessor Free
Registered Owner:              Admin
Registered Organization:       N/A
Product ID:                    00355-63507-29879-AAOEM
Original Install Date:         11/1/2025, 5:40:50 AM
System Boot Time:              6/11/2026, 5:02:16 PM
System Manufacturer:           ASUSTeK COMPUTER INC.
System Model:                  ASUS EXPERTBOOK B3405CVA
System Type:                   x64-based PC

TOP PROCESSES:

Image Name                     PID Session Name        Session#    Mem Usage
========================= ======== ================ =========== ============
System Idle Process              0 Services                   0          8 K
System                           4 Services                   0      5,072 K
Secure System                  188 Services                   0     65,984 K
Registry                       232 Services                   0     69,600 K
smss.exe                       832 Services                   0        520 K
csrss.exe                     1268 Services                   0      3,320 K
wininit.exe                   1356 Services                   0      1,732 K

NETWORK INFO:

Windows IP Configuration


Ethernet adapter Ethernet:

   Media State . . . . . . . . . . . : Media disconnected
   Connection-specific DNS Suffix  . : 

Ethernet adapter Ethernet 3:

